Add Component: Footprint Not Found C0805
Add Component: Footprint Not Found C0805
Add Component: Footprint Not Found C0805
Add Component: Footprint Not Found C_TN_3216
Add Component: Footprint Not Found C_TN_3216
Add Component: Footprint Not Found C0805
Add Component: Footprint Not Found C0805
Add Component: Footprint Not Found C0805
Add Component: Footprint Not Found C0805
Add Component: Footprint Not Found C0805
Add Component: Footprint Not Found C0805
Add Component: Footprint Not Found C0805
Add Component: Footprint Not Found C0805
Add Component: Footprint Not Found C0805
Add Component: Footprint Not Found C0805
Add Component: Footprint Not Found C0805
Add Component: Footprint Not Found C0805
Add Component: Footprint Not Found C0805
Add Component: Footprint Not Found D_SMB
Add Component: Footprint Not Found LED0805GRN
Add Component: Footprint Not Found LED0805GRN
Add Component: Footprint Not Found D_SMB
Add Component: Footprint Not Found D_SMB
Add Component: Footprint Not Found Micro USB 2.0 SMT Type B Horizontal 5 Contacts
Add Component: Footprint Not Found Micro USB 2.0 SMT Type B Horizontal 5 Contacts
Add Component: Footprint Not Found HDR_M_1X2
Add Component: Footprint Not Found SDMICRO_AT
Add Component: Footprint Not Found HDR_F_1X6
Add Component: Footprint Not Found HDR_F_1X6
Add Component: Footprint Not Found HDR_F_1X2
Add Component: Footprint Not Found HDR_M_1X7
Add Component: Footprint Not Found SOT-23
Add Component: Footprint Not Found SOT-23
Add Component: Footprint Not Found R0805
Add Component: Footprint Not Found R0805
Add Component: Footprint Not Found R0805
Add Component: Footprint Not Found R0805
Add Component: Footprint Not Found R0805
Add Component: Footprint Not Found R0805
Add Component: Footprint Not Found R0805
Add Component: Footprint Not Found R0805
Add Component: Footprint Not Found R0805
Add Component: Footprint Not Found R0805
Add Component: Footprint Not Found R0805
Add Component: Footprint Not Found R0805
Add Component: Footprint Not Found R0805
Add Component: Footprint Not Found SWPBS_SPST_6X3X5
Add Component: Footprint Not Found SWPBS_SPST_6X3X5
Add Component: Footprint Not Found SWPBS_SPST_6X3X5
Add Component: Footprint Not Found SOT-23
Add Component: Footprint Not Found XCVR_ESP32-S3-WROOM-1-N16R8
Add Component: Footprint Not Found SOT-23
Add Component: Footprint Not Found SO_16
Add Component: Footprint Not Found SOT-223
Add Component: Footprint Not Found XTL_4_3225
Add Pin To Net: Unknown Pin: Pin C1-1
Add Pin To Net: Unknown Pin: Pin C1-2
Add Pin To Net: Unknown Pin: Pin C2-1
Add Pin To Net: Unknown Pin: Pin C2-2
Add Pin To Net: Unknown Pin: Pin C3-1
Add Pin To Net: Unknown Pin: Pin C3-2
Add Pin To Net: Unknown Pin: Pin C4-1
Add Pin To Net: Unknown Pin: Pin C4-2
Add Pin To Net: Unknown Pin: Pin C5-1
Add Pin To Net: Unknown Pin: Pin C5-2
Add Pin To Net: Unknown Pin: Pin C6-1
Add Pin To Net: Unknown Pin: Pin C6-2
Add Pin To Net: Unknown Pin: Pin C7-1
Add Pin To Net: Unknown Pin: Pin C7-2
Add Pin To Net: Unknown Pin: Pin C8-1
Add Pin To Net: Unknown Pin: Pin C8-2
Add Pin To Net: Unknown Pin: Pin C9-1
Add Pin To Net: Unknown Pin: Pin C9-2
Add Pin To Net: Unknown Pin: Pin C10-1
Add Pin To Net: Unknown Pin: Pin C10-2
Add Pin To Net: Unknown Pin: Pin C11-1
Add Pin To Net: Unknown Pin: Pin C11-2
Add Pin To Net: Unknown Pin: Pin C12-1
Add Pin To Net: Unknown Pin: Pin C12-2
Add Pin To Net: Unknown Pin: Pin C13-1
Add Pin To Net: Unknown Pin: Pin C13-2
Add Pin To Net: Unknown Pin: Pin C14-1
Add Pin To Net: Unknown Pin: Pin C14-2
Add Pin To Net: Unknown Pin: Pin C15-1
Add Pin To Net: Unknown Pin: Pin C15-2
Add Pin To Net: Unknown Pin: Pin C16-1
Add Pin To Net: Unknown Pin: Pin C16-2
Add Pin To Net: Unknown Pin: Pin C17-1
Add Pin To Net: Unknown Pin: Pin C17-2
Add Pin To Net: Unknown Pin: Pin C18-1
Add Pin To Net: Unknown Pin: Pin C18-2
Add Pin To Net: Unknown Pin: Pin D1-1
Add Pin To Net: Unknown Pin: Pin D1-2
Add Pin To Net: Unknown Pin: Pin D2-1
Add Pin To Net: Unknown Pin: Pin D2-2
Add Pin To Net: Unknown Pin: Pin D3-1
Add Pin To Net: Unknown Pin: Pin D3-2
Add Pin To Net: Unknown Pin: Pin D4-1
Add Pin To Net: Unknown Pin: Pin D4-2
Add Pin To Net: Unknown Pin: Pin D5-1
Add Pin To Net: Unknown Pin: Pin D5-2
Add Pin To Net: Unknown Pin: Pin J1-1
Add Pin To Net: Unknown Pin: Pin J1-2
Add Pin To Net: Unknown Pin: Pin J1-3
Add Pin To Net: Unknown Pin: Pin J1-5
Add Pin To Net: Unknown Pin: Pin J1-Shell
Add Pin To Net: Unknown Pin: Pin J2-1
Add Pin To Net: Unknown Pin: Pin J2-2
Add Pin To Net: Unknown Pin: Pin J2-3
Add Pin To Net: Unknown Pin: Pin J2-5
Add Pin To Net: Unknown Pin: Pin J2-Shell
Add Pin To Net: Unknown Pin: Pin J3-1
Add Pin To Net: Unknown Pin: Pin J3-2
Add Pin To Net: Unknown Pin: Pin J4-1
Add Pin To Net: Unknown Pin: Pin J4-2
Add Pin To Net: Unknown Pin: Pin J4-3
Add Pin To Net: Unknown Pin: Pin J4-4
Add Pin To Net: Unknown Pin: Pin J4-5
Add Pin To Net: Unknown Pin: Pin J4-6
Add Pin To Net: Unknown Pin: Pin J4-7
Add Pin To Net: Unknown Pin: Pin J4-8
Add Pin To Net: Unknown Pin: Pin J4-SH1
Add Pin To Net: Unknown Pin: Pin J4-SH2
Add Pin To Net: Unknown Pin: Pin J4-SH3
Add Pin To Net: Unknown Pin: Pin J4-SH4
Add Pin To Net: Unknown Pin: Pin J5-1
Add Pin To Net: Unknown Pin: Pin J5-2
Add Pin To Net: Unknown Pin: Pin J5-3
Add Pin To Net: Unknown Pin: Pin J5-4
Add Pin To Net: Unknown Pin: Pin J5-5
Add Pin To Net: Unknown Pin: Pin J5-6
Add Pin To Net: Unknown Pin: Pin J6-1
Add Pin To Net: Unknown Pin: Pin J6-2
Add Pin To Net: Unknown Pin: Pin J6-3
Add Pin To Net: Unknown Pin: Pin J6-4
Add Pin To Net: Unknown Pin: Pin J6-5
Add Pin To Net: Unknown Pin: Pin J6-6
Add Pin To Net: Unknown Pin: Pin J7-1
Add Pin To Net: Unknown Pin: Pin J7-2
Add Pin To Net: Unknown Pin: Pin J8-1
Add Pin To Net: Unknown Pin: Pin J8-2
Add Pin To Net: Unknown Pin: Pin J8-3
Add Pin To Net: Unknown Pin: Pin J8-4
Add Pin To Net: Unknown Pin: Pin J8-5
Add Pin To Net: Unknown Pin: Pin J8-6
Add Pin To Net: Unknown Pin: Pin J8-7
Add Pin To Net: Unknown Pin: Pin Q1-1
Add Pin To Net: Unknown Pin: Pin Q1-2
Add Pin To Net: Unknown Pin: Pin Q1-3
Add Pin To Net: Unknown Pin: Pin Q2-1
Add Pin To Net: Unknown Pin: Pin Q2-2
Add Pin To Net: Unknown Pin: Pin Q2-3
Add Pin To Net: Unknown Pin: Pin R1-1
Add Pin To Net: Unknown Pin: Pin R1-2
Add Pin To Net: Unknown Pin: Pin R2-1
Add Pin To Net: Unknown Pin: Pin R2-2
Add Pin To Net: Unknown Pin: Pin R3-1
Add Pin To Net: Unknown Pin: Pin R3-2
Add Pin To Net: Unknown Pin: Pin R4-1
Add Pin To Net: Unknown Pin: Pin R4-2
Add Pin To Net: Unknown Pin: Pin R5-1
Add Pin To Net: Unknown Pin: Pin R5-2
Add Pin To Net: Unknown Pin: Pin R6-1
Add Pin To Net: Unknown Pin: Pin R6-2
Add Pin To Net: Unknown Pin: Pin R7-1
Add Pin To Net: Unknown Pin: Pin R7-2
Add Pin To Net: Unknown Pin: Pin R8-1
Add Pin To Net: Unknown Pin: Pin R8-2
Add Pin To Net: Unknown Pin: Pin R9-1
Add Pin To Net: Unknown Pin: Pin R9-2
Add Pin To Net: Unknown Pin: Pin R10-1
Add Pin To Net: Unknown Pin: Pin R10-2
Add Pin To Net: Unknown Pin: Pin R11-1
Add Pin To Net: Unknown Pin: Pin R11-2
Add Pin To Net: Unknown Pin: Pin R12-1
Add Pin To Net: Unknown Pin: Pin R12-2
Add Pin To Net: Unknown Pin: Pin R13-1
Add Pin To Net: Unknown Pin: Pin R13-2
Add Pin To Net: Unknown Pin: Pin SW1-1
Add Pin To Net: Unknown Pin: Pin SW1-2
Add Pin To Net: Unknown Pin: Pin SW2-1
Add Pin To Net: Unknown Pin: Pin SW2-2
Add Pin To Net: Unknown Pin: Pin SW3-1
Add Pin To Net: Unknown Pin: Pin SW3-2
Add Pin To Net: Unknown Pin: Pin U1-1
Add Pin To Net: Unknown Pin: Pin U1-2
Add Pin To Net: Unknown Pin: Pin U1-3
Add Pin To Net: Unknown Pin: Pin U2-1
Add Pin To Net: Unknown Pin: Pin U2-2
Add Pin To Net: Unknown Pin: Pin U2-3
Add Pin To Net: Unknown Pin: Pin U2-4
Add Pin To Net: Unknown Pin: Pin U2-5
Add Pin To Net: Unknown Pin: Pin U2-6
Add Pin To Net: Unknown Pin: Pin U2-7
Add Pin To Net: Unknown Pin: Pin U2-9
Add Pin To Net: Unknown Pin: Pin U2-12
Add Pin To Net: Unknown Pin: Pin U2-13
Add Pin To Net: Unknown Pin: Pin U2-14
Add Pin To Net: Unknown Pin: Pin U2-15
Add Pin To Net: Unknown Pin: Pin U2-16
Add Pin To Net: Unknown Pin: Pin U2-22
Add Pin To Net: Unknown Pin: Pin U2-23
Add Pin To Net: Unknown Pin: Pin U2-24
Add Pin To Net: Unknown Pin: Pin U2-25
Add Pin To Net: Unknown Pin: Pin U2-26
Add Pin To Net: Unknown Pin: Pin U2-27
Add Pin To Net: Unknown Pin: Pin U2-28
Add Pin To Net: Unknown Pin: Pin U2-29
Add Pin To Net: Unknown Pin: Pin U2-30
Add Pin To Net: Unknown Pin: Pin U2-31
Add Pin To Net: Unknown Pin: Pin U2-32
Add Pin To Net: Unknown Pin: Pin U2-33
Add Pin To Net: Unknown Pin: Pin U2-34
Add Pin To Net: Unknown Pin: Pin U2-35
Add Pin To Net: Unknown Pin: Pin U2-36
Add Pin To Net: Unknown Pin: Pin U2-37
Add Pin To Net: Unknown Pin: Pin U2-38
Add Pin To Net: Unknown Pin: Pin U2-39
Add Pin To Net: Unknown Pin: Pin U2-40
Add Pin To Net: Unknown Pin: Pin U2-41_1
Add Pin To Net: Unknown Pin: Pin U2-41_2
Add Pin To Net: Unknown Pin: Pin U2-41_3
Add Pin To Net: Unknown Pin: Pin U2-41_4
Add Pin To Net: Unknown Pin: Pin U2-41_5
Add Pin To Net: Unknown Pin: Pin U2-41_6
Add Pin To Net: Unknown Pin: Pin U2-41_7
Add Pin To Net: Unknown Pin: Pin U2-41_8
Add Pin To Net: Unknown Pin: Pin U2-41_9
Add Pin To Net: Unknown Pin: Pin U3-1
Add Pin To Net: Unknown Pin: Pin U3-2
Add Pin To Net: Unknown Pin: Pin U3-3
Add Pin To Net: Unknown Pin: Pin U4-1
Add Pin To Net: Unknown Pin: Pin U4-2
Add Pin To Net: Unknown Pin: Pin U4-3
Add Pin To Net: Unknown Pin: Pin U4-4
Add Pin To Net: Unknown Pin: Pin U4-5
Add Pin To Net: Unknown Pin: Pin U4-6
Add Pin To Net: Unknown Pin: Pin U4-7
Add Pin To Net: Unknown Pin: Pin U4-8
Add Pin To Net: Unknown Pin: Pin U4-13
Add Pin To Net: Unknown Pin: Pin U4-14
Add Pin To Net: Unknown Pin: Pin U4-16
Add Pin To Net: Unknown Pin: Pin VR1-1
Add Pin To Net: Unknown Pin: Pin VR1-2
Add Pin To Net: Unknown Pin: Pin VR1-3
Add Pin To Net: Unknown Pin: Pin VR1-4
Add Pin To Net: Unknown Pin: Pin X1-1
Add Pin To Net: Unknown Pin: Pin X1-2
Add Pin To Net: Unknown Pin: Pin X1-3
Add Pin To Net: Unknown Pin: Pin X1-4
Add Class Member: Failed to add class member : Component C1 100nf
Add Class Member: Failed to add class member : Component C2 100nf
Add Class Member: Failed to add class member : Component C3 100nf
Add Class Member: Failed to add class member : Component C4 10uf
Add Class Member: Failed to add class member : Component C5 20uf
Add Class Member: Failed to add class member : Component C6 10uf
Add Class Member: Failed to add class member : Component C7 100nf
Add Class Member: Failed to add class member : Component C8 1uf
Add Class Member: Failed to add class member : Component C9 1uf
Add Class Member: Failed to add class member : Component C10 10uf
Add Class Member: Failed to add class member : Component C11 100nf
Add Class Member: Failed to add class member : Component C12 1uf
Add Class Member: Failed to add class member : Component C13 1uf
Add Class Member: Failed to add class member : Component C14 10uf
Add Class Member: Failed to add class member : Component C15 100nf
Add Class Member: Failed to add class member : Component C16 100nf
Add Class Member: Failed to add class member : Component C17 22pf
Add Class Member: Failed to add class member : Component C18 22pf
Add Class Member: Failed to add class member : Component D1 SS34
Add Class Member: Failed to add class member : Component D2 LED805GRN
Add Class Member: Failed to add class member : Component D3 LED805GRN
Add Class Member: Failed to add class member : Component D4 SS34
Add Class Member: Failed to add class member : Component D5 SS34
Add Class Member: Failed to add class member : Component J1 Micro USB 2.0 B SMD
Add Class Member: Failed to add class member : Component J2 Micro USB 2.0 B SMD
Add Class Member: Failed to add class member : Component J3 HDRM2
Add Class Member: Failed to add class member : Component J4 Socket SDmicro AT
Add Class Member: Failed to add class member : Component J5 HDRF6
Add Class Member: Failed to add class member : Component J6 HDRF6
Add Class Member: Failed to add class member : Component J7 HDRF2
Add Class Member: Failed to add class member : Component J8 HDR1X7
Add Class Member: Failed to add class member : Component Q1 BC817
Add Class Member: Failed to add class member : Component Q2 BC807
Add Class Member: Failed to add class member : Component R1 1k
Add Class Member: Failed to add class member : Component R2 1k
Add Class Member: Failed to add class member : Component R3 1k
Add Class Member: Failed to add class member : Component R4 1k
Add Class Member: Failed to add class member : Component R5 1k
Add Class Member: Failed to add class member : Component R6 47k
Add Class Member: Failed to add class member : Component R7 47k
Add Class Member: Failed to add class member : Component R8 47k
Add Class Member: Failed to add class member : Component R9 47k
Add Class Member: Failed to add class member : Component R10 47k
Add Class Member: Failed to add class member : Component R11 47k
Add Class Member: Failed to add class member : Component R12 0k
Add Class Member: Failed to add class member : Component R13 0k
Add Class Member: Failed to add class member : Component SW1 PUSHBUTTON
Add Class Member: Failed to add class member : Component SW2 PUSHBUTTON
Add Class Member: Failed to add class member : Component SW3 PUSHBUTTON
Add Class Member: Failed to add class member : Component U1 PMIC-XC6206P182MR(SOT23)-2V8
Add Class Member: Failed to add class member : Component U2 ESP32-S3-WROOM-1-N16R8
Add Class Member: Failed to add class member : Component U3 PMIC-XC6206P182MR(SOT23)-1V5
Add Class Member: Failed to add class member : Component U4 CH340G
Add Class Member: Failed to add class member : Component VR1 AMS1117-xx
Add Class Member: Failed to add class member : Component X1 8MHz
