Removed Pin From Net: NetName=key4 Pin=J2-
Removed Pin From Net: NetName=+5 Pin=pt-
Removed Pin From Net: NetName=NetD1_1 Pin=PUSB1-1
Removed Pin From Net: NetName=GND Pin=PUSB1-5
Removed Pin From Net: NetName=NetD4_1 Pin=PUSB2-1
Removed Pin From Net: NetName=GND Pin=PUSB2-5
Removed Member From Class: ClassName=Sheet1 Member=PUSB1
Removed Member From Class: ClassName=Sheet1 Member=PUSB2
Change Component Designator: OldDesignator=pt NewDesignator=BZ1
Added Component: Designator=J?(629105150521)
Add component (AddParameter): Name = "Application"; Value = "Micro USB 2.0"; VariantName = "[No Variations]"
Add component (AddParameter): Name = "Category"; Value = "Input/Output Connectors"; VariantName = "[No Variations]"
Add component (AddParameter): Name = "ComponentLink1Description"; Value = "Website Link"; VariantName = "[No Variations]"
Add component (AddParameter): Name = "ComponentLink1URL"; Value = "https://www.we-online.com/redexpert/article/629105150521?ad"; VariantName = "[No Variations]"
Add component (AddParameter): Name = "ComponentLink2Description"; Value = "Datasheet Link"; VariantName = "[No Variations]"
Add component (AddParameter): Name = "ComponentLink2URL"; Value = "https://www.we-online.com/redexpert/spec/629105150521?ad"; VariantName = "[No Variations]"
Add component (AddParameter): Name = "Gender"; Value = "Receptacle"; VariantName = "[No Variations]"
Add component (AddParameter): Name = "Interface Type"; Value = "Type B"; VariantName = "[No Variations]"
Add component (AddParameter): Name = "Manufacturer"; Value = "Wurth Elektronik"; VariantName = "[No Variations]"
Add component (AddParameter): Name = "Manufacturer Part Number"; Value = "629105150521"; VariantName = "[No Variations]"
Add component (AddParameter): Name = "Match Code"; Value = "WR-USB"; VariantName = "[No Variations]"
Add component (AddParameter): Name = "Mount"; Value = "Surface Mount"; VariantName = "[No Variations]"
Add component (AddParameter): Name = "Number of Pins"; Value = "5"; VariantName = "[No Variations]"
Add component (AddParameter): Name = "Number of Ports"; Value = "1"; VariantName = "[No Variations]"
Add component (AddParameter): Name = "Operating Temperature Max"; Value = "85°C"; VariantName = "[No Variations]"
Add component (AddParameter): Name = "Operating Temperature Min"; Value = "-40°C"; VariantName = "[No Variations]"
Add component (AddParameter): Name = "Orientation"; Value = "Horizontal"; VariantName = "[No Variations]"
Add component (AddParameter): Name = "Packaging"; Value = "Tape and Reel"; VariantName = "[No Variations]"
Add component (AddParameter): Name = "Rated Current"; Value = "3A"; VariantName = "[No Variations]"
Add component (AddParameter): Name = "Working Voltage"; Value = "30V (AC)"; VariantName = "[No Variations]"
Added Component: Designator=J?(629105150521)
Add component (AddParameter): Name = "Application"; Value = "Micro USB 2.0"; VariantName = "[No Variations]"
Add component (AddParameter): Name = "Category"; Value = "Input/Output Connectors"; VariantName = "[No Variations]"
Add component (AddParameter): Name = "ComponentLink1Description"; Value = "Website Link"; VariantName = "[No Variations]"
Add component (AddParameter): Name = "ComponentLink1URL"; Value = "https://www.we-online.com/redexpert/article/629105150521?ad"; VariantName = "[No Variations]"
Add component (AddParameter): Name = "ComponentLink2Description"; Value = "Datasheet Link"; VariantName = "[No Variations]"
Add component (AddParameter): Name = "ComponentLink2URL"; Value = "https://www.we-online.com/redexpert/spec/629105150521?ad"; VariantName = "[No Variations]"
Add component (AddParameter): Name = "Gender"; Value = "Receptacle"; VariantName = "[No Variations]"
Add component (AddParameter): Name = "Interface Type"; Value = "Type B"; VariantName = "[No Variations]"
Add component (AddParameter): Name = "Manufacturer"; Value = "Wurth Elektronik"; VariantName = "[No Variations]"
Add component (AddParameter): Name = "Manufacturer Part Number"; Value = "629105150521"; VariantName = "[No Variations]"
Add component (AddParameter): Name = "Match Code"; Value = "WR-USB"; VariantName = "[No Variations]"
Add component (AddParameter): Name = "Mount"; Value = "Surface Mount"; VariantName = "[No Variations]"
Add component (AddParameter): Name = "Number of Pins"; Value = "5"; VariantName = "[No Variations]"
Add component (AddParameter): Name = "Number of Ports"; Value = "1"; VariantName = "[No Variations]"
Add component (AddParameter): Name = "Operating Temperature Max"; Value = "85°C"; VariantName = "[No Variations]"
Add component (AddParameter): Name = "Operating Temperature Min"; Value = "-40°C"; VariantName = "[No Variations]"
Add component (AddParameter): Name = "Orientation"; Value = "Horizontal"; VariantName = "[No Variations]"
Add component (AddParameter): Name = "Packaging"; Value = "Tape and Reel"; VariantName = "[No Variations]"
Add component (AddParameter): Name = "Rated Current"; Value = "3A"; VariantName = "[No Variations]"
Add component (AddParameter): Name = "Working Voltage"; Value = "30V (AC)"; VariantName = "[No Variations]"
Add Pin To Net: Unknown Pin: Pin BZ1-1
Add Pin To Net: Unknown Pin: Pin J2-1
Added Pin To Net: NetName=NetD1_1 Pin=J?-1
Added Pin To Net: NetName=NetD4_1 Pin=J?-1
Added Pin To Net: NetName=GND Pin=J?-5
Added Pin To Net: NetName=GND Pin=J?-5
Add Pin To Net: Unknown Pin: Pin U2-39
Added Pin To Net: NetName=NetJ?_2 Pin=J?-2
Added Pin To Net: NetName=NetJ?_2 Pin=U3-6
Added Net: Name=NetJ?_2
Add Net: Net with name "NetJ?_2" already exists
Added Pin To Net: NetName=NetJ?_3 Pin=J?-3
Added Pin To Net: NetName=NetJ?_3 Pin=U2-14
Added Net: Name=NetJ?_3
Add Net: Net with name "NetJ?_3" already exists
Added Member To Class: ClassName=Sheet1 Member=Component J? 629105150521
Added Member To Class: ClassName=Sheet1 Member=Component J? 629105150521
