Removed Pin From Net: NetName=key3 Pin=J2-2
Removed Pin From Net: NetName=key2 Pin=J2-3
Removed Pin From Net: NetName=key1 Pin=J2-4
Removed Pin From Net: NetName=key4 Pin=J2-
Removed Pin From Net: NetName=GND Pin=J?-1
Removed Pin From Net: NetName=+3.3 Pin=J?-2
Removed Pin From Net: NetName=scl Pin=J?-3
Removed Pin From Net: NetName=sda Pin=J?-4
Removed Pin From Net: NetName=+5 Pin=pt-
Removed Pin From Net: NetName=NetD1_1 Pin=PUSB1-1
Removed Pin From Net: NetName=GND Pin=PUSB1-5
Removed Pin From Net: NetName=NetD4_1 Pin=PUSB2-1
Removed Pin From Net: NetName=GND Pin=PUSB2-5
Removed Pin From Net: NetName=GND Pin=Q1-1
Removed Pin From Net: NetName=NetQ2_1 Pin=Q3-2
Removed Pin From Net: NetName=NetC4_2 Pin=Q3-3
Removed Pin From Net: NetName=key1 Pin=R1-1
Removed Pin From Net: NetName=key2 Pin=R2-1
Removed Pin From Net: NetName=key3 Pin=R3-1
Removed Pin From Net: NetName=key4 Pin=R4-1
Removed Pin From Net: NetName=led1 Pin=R5-2
Removed Pin From Net: NetName=led2 Pin=R6-2
Removed Pin From Net: NetName=led3 Pin=R7-2
Removed Pin From Net: NetName=led4 Pin=R8-2
Removed Pin From Net: NetName=GND Pin=R13-1
Removed Pin From Net: NetName=NetQ1_2 Pin=R13-2
Removed Pin From Net: NetName=buzzer Pin=U2-12
Removed Pin From Net: NetName=led1 Pin=U2-25
Removed Pin From Net: NetName=led2 Pin=U2-26
Removed Pin From Net: NetName=led3 Pin=U2-28
Removed Pin From Net: NetName=led4 Pin=U2-29
Removed Pin From Net: NetName=key1 Pin=U2-30
Removed Pin From Net: NetName=key2 Pin=U2-31
Removed Pin From Net: NetName=key3 Pin=U2-33
Removed Pin From Net: NetName=key4 Pin=U2-34
Removed Pin From Net: NetName=NetQ2_2 Pin=U3-13
Removed Pin From Net: NetName=NetQ2_1 Pin=U3-14
Removed Member From Class: ClassName=Sheet1 Member=PUSB1
Removed Member From Class: ClassName=Sheet1 Member=PUSB2
Change Component Footprint: Designator=J? Old Footprint=HDR_F_1X4 New Footprint=629105150521
Change Component Footprint: Designator=J3 Old Footprint=HDR_F_1X4 New Footprint=HDR_F_1X2
Change Component Footprint: Designator=Q2 Old Footprint=TO92_3 New Footprint=SOT23_3
Change Footprint: Footprint Not Found SOT-23
Change Component Comment : Designator=Q3 Old Comment=BC557 New Comment=BC807
Change Component Comment : Designator=Q1 Old Comment=C945 New Comment=BC557
Change Component Comment : Designator=Q2 Old Comment=C945 New Comment=BC817
Change Component Comment : Designator=J? Old Comment=HDRF4 New Comment=629105150521
Change Component Comment : Designator=J3 Old Comment=HDRF4 New Comment=HDRF2
Change Component Designator: OldDesignator=J1 NewDesignator=J2
Change Component Designator: OldDesignator=J2 NewDesignator=J4
Change Component Designator: OldDesignator=J4 NewDesignator=J5
Change Component Designator: OldDesignator=J5 NewDesignator=J7
Change Component Designator: OldDesignator=J? NewDesignator=J6
Change Component Designator: OldDesignator=pt NewDesignator=BZ1
Change component parameters: Designator = "J3" ("J3"); Footprint = "HDR_F_1X4"; UniqueID = "\DCKJATCG" ("\DCKJATCG")
Change component parameters (AddParameter): Name = "ASSEMBLY"; Value = ""; VariantName = "[No Variations]"
Change component parameters (AddParameter): Name = "DESC"; Value = ""; VariantName = "[No Variations]"
Change component parameters (AddParameter): Name = "MANF"; Value = ""; VariantName = "[No Variations]"
Change component parameters (AddParameter): Name = "MANF_P#"; Value = ""; VariantName = "[No Variations]"
Change component parameters (AddParameter): Name = "PARAM"; Value = ""; VariantName = "[No Variations]"
Change component parameters (AddParameter): Name = "PRICE"; Value = ""; VariantName = "[No Variations]"
Change component parameters (AddParameter): Name = "VALUE"; Value = "HDRF2"; VariantName = "[No Variations]"
Change component parameters: Designator = "J?" ("J6"); Footprint = "HDR_F_1X4"; UniqueID = "\MFBJNZQP" ("\MFBJNZQP")
Change component parameters (AddParameter): Name = "Application"; Value = "Micro USB 2.0"; VariantName = "[No Variations]"
Change component parameters (AddParameter): Name = "Category"; Value = "Input/Output Connectors"; VariantName = "[No Variations]"
Change component parameters (AddParameter): Name = "ComponentLink1Description"; Value = "Website Link"; VariantName = "[No Variations]"
Change component parameters (AddParameter): Name = "ComponentLink1URL"; Value = "https://www.we-online.com/redexpert/article/629105150521?ad"; VariantName = "[No Variations]"
Change component parameters (AddParameter): Name = "ComponentLink2Description"; Value = "Datasheet Link"; VariantName = "[No Variations]"
Change component parameters (AddParameter): Name = "ComponentLink2URL"; Value = "https://www.we-online.com/redexpert/spec/629105150521?ad"; VariantName = "[No Variations]"
Change component parameters (AddParameter): Name = "Gender"; Value = "Receptacle"; VariantName = "[No Variations]"
Change component parameters (AddParameter): Name = "Interface Type"; Value = "Type B"; VariantName = "[No Variations]"
Change component parameters (AddParameter): Name = "Manufacturer"; Value = "Wurth Elektronik"; VariantName = "[No Variations]"
Change component parameters (AddParameter): Name = "Manufacturer Part Number"; Value = "629105150521"; VariantName = "[No Variations]"
Change component parameters (AddParameter): Name = "Match Code"; Value = "WR-USB"; VariantName = "[No Variations]"
Change component parameters (AddParameter): Name = "Mount"; Value = "Surface Mount"; VariantName = "[No Variations]"
Change component parameters (AddParameter): Name = "Number of Pins"; Value = "5"; VariantName = "[No Variations]"
Change component parameters (AddParameter): Name = "Number of Ports"; Value = "1"; VariantName = "[No Variations]"
Change component parameters (AddParameter): Name = "Operating Temperature Max"; Value = "85°C"; VariantName = "[No Variations]"
Change component parameters (AddParameter): Name = "Operating Temperature Min"; Value = "-40°C"; VariantName = "[No Variations]"
Change component parameters (AddParameter): Name = "Orientation"; Value = "Horizontal"; VariantName = "[No Variations]"
Change component parameters (AddParameter): Name = "Packaging"; Value = "Tape and Reel"; VariantName = "[No Variations]"
Change component parameters (AddParameter): Name = "Rated Current"; Value = "3A"; VariantName = "[No Variations]"
Change component parameters (AddParameter): Name = "Working Voltage"; Value = "30V (AC)"; VariantName = "[No Variations]"
Change component parameters: Designator = "Q1" ("Q1"); Footprint = "TO92_3"; UniqueID = "\JKCJHSAM" ("\JKCJHSAM")
Change component parameters (AddParameter): Name = "ASSEMBLY"; Value = ""; VariantName = "[No Variations]"
Change component parameters (AddParameter): Name = "DESC"; Value = ""; VariantName = "[No Variations]"
Change component parameters (AddParameter): Name = "MANF"; Value = "MULTICOMP"; VariantName = "[No Variations]"
Change component parameters (AddParameter): Name = "MANF_P#"; Value = "BC557"; VariantName = "[No Variations]"
Change component parameters (AddParameter): Name = "PARAM"; Value = "45v, 0.1A"; VariantName = "[No Variations]"
Change component parameters (AddParameter): Name = "PARAM2"; Value = "500mW"; VariantName = "[No Variations]"
Change component parameters (AddParameter): Name = "PRICE"; Value = ""; VariantName = "[No Variations]"
Change component parameters (AddParameter): Name = "VALUE"; Value = "BC557"; VariantName = "[No Variations]"
Change component parameters: Designator = "Q2" ("Q2"); Footprint = "TO92_3"; UniqueID = "\PCNCXIQD" ("\PCNCXIQD")
Change component parameters (AddParameter): Name = "ASSEMBLY"; Value = ""; VariantName = "[No Variations]"
Change component parameters (AddParameter): Name = "DESC"; Value = ""; VariantName = "[No Variations]"
Change component parameters (AddParameter): Name = "MANF"; Value = "NXP, ON"; VariantName = "[No Variations]"
Change component parameters (AddParameter): Name = "MANF_P#"; Value = "BC817"; VariantName = "[No Variations]"
Change component parameters (AddParameter): Name = "PARAM"; Value = "0.5A, Hfe100~600"; VariantName = "[No Variations]"
Change component parameters (AddParameter): Name = "PARAM2"; Value = "45v, 250mW"; VariantName = "[No Variations]"
Change component parameters (AddParameter): Name = "PRICE"; Value = ""; VariantName = "[No Variations]"
Change component parameters (AddParameter): Name = "VALUE"; Value = "BC817"; VariantName = "[No Variations]"
Change component parameters: Designator = "Q3" ("Q3"); Footprint = "TO92_3"; UniqueID = "\TVMJCSRH" ("\TVMJCSRH")
Added Component: Designator=J1(629105150521)
Add component (AddParameter): Name = "Application"; Value = "Micro USB 2.0"; VariantName = "[No Variations]"
Add component (AddParameter): Name = "Category"; Value = "Input/Output Connectors"; VariantName = "[No Variations]"
Add component (AddParameter): Name = "ComponentLink1Description"; Value = "Website Link"; VariantName = "[No Variations]"
Add component (AddParameter): Name = "ComponentLink1URL"; Value = "https://www.we-online.com/redexpert/article/629105150521?ad"; VariantName = "[No Variations]"
Add component (AddParameter): Name = "ComponentLink2Description"; Value = "Datasheet Link"; VariantName = "[No Variations]"
Add component (AddParameter): Name = "ComponentLink2URL"; Value = "https://www.we-online.com/redexpert/spec/629105150521?ad"; VariantName = "[No Variations]"
Add component (AddParameter): Name = "Gender"; Value = "Receptacle"; VariantName = "[No Variations]"
Add component (AddParameter): Name = "Interface Type"; Value = "Type B"; VariantName = "[No Variations]"
Add component (AddParameter): Name = "Manufacturer"; Value = "Wurth Elektronik"; VariantName = "[No Variations]"
Add component (AddParameter): Name = "Manufacturer Part Number"; Value = "629105150521"; VariantName = "[No Variations]"
Add component (AddParameter): Name = "Match Code"; Value = "WR-USB"; VariantName = "[No Variations]"
Add component (AddParameter): Name = "Mount"; Value = "Surface Mount"; VariantName = "[No Variations]"
Add component (AddParameter): Name = "Number of Pins"; Value = "5"; VariantName = "[No Variations]"
Add component (AddParameter): Name = "Number of Ports"; Value = "1"; VariantName = "[No Variations]"
Add component (AddParameter): Name = "Operating Temperature Max"; Value = "85°C"; VariantName = "[No Variations]"
Add component (AddParameter): Name = "Operating Temperature Min"; Value = "-40°C"; VariantName = "[No Variations]"
Add component (AddParameter): Name = "Orientation"; Value = "Horizontal"; VariantName = "[No Variations]"
Add component (AddParameter): Name = "Packaging"; Value = "Tape and Reel"; VariantName = "[No Variations]"
Add component (AddParameter): Name = "Rated Current"; Value = "3A"; VariantName = "[No Variations]"
Add component (AddParameter): Name = "Working Voltage"; Value = "30V (AC)"; VariantName = "[No Variations]"
Added Component: Designator=R18(R0805)
Add component (AddParameter): Name = "ASSEMBLY"; Value = "ASSEMBLY"; VariantName = "[No Variations]"
Add component (AddParameter): Name = "DESC"; Value = "DESCRIPTION"; VariantName = "[No Variations]"
Add component (AddParameter): Name = "DIST#"; Value = "MOUSER"; VariantName = "[No Variations]"
Add component (AddParameter): Name = "MANF"; Value = "-"; VariantName = "[No Variations]"
Add component (AddParameter): Name = "MANF_P#"; Value = "-"; VariantName = "[No Variations]"
Add component (AddParameter): Name = "PARAM"; Value = "-W"; VariantName = "[No Variations]"
Add component (AddParameter): Name = "PARAM2"; Value = "1%"; VariantName = "[No Variations]"
Add component (AddParameter): Name = "PRICE"; Value = "100= 0.5$"; VariantName = "[No Variations]"
Add component (AddParameter): Name = "VALUE"; Value = "0K"; VariantName = "[No Variations]"
Added Component: Designator=R19(R0805)
Add component (AddParameter): Name = "ASSEMBLY"; Value = "ASSEMBLY"; VariantName = "[No Variations]"
Add component (AddParameter): Name = "DESC"; Value = "DESCRIPTION"; VariantName = "[No Variations]"
Add component (AddParameter): Name = "DIST#"; Value = "MOUSER"; VariantName = "[No Variations]"
Add component (AddParameter): Name = "MANF"; Value = "-"; VariantName = "[No Variations]"
Add component (AddParameter): Name = "MANF_P#"; Value = "-"; VariantName = "[No Variations]"
Add component (AddParameter): Name = "PARAM"; Value = "-W"; VariantName = "[No Variations]"
Add component (AddParameter): Name = "PARAM2"; Value = "1%"; VariantName = "[No Variations]"
Add component (AddParameter): Name = "PRICE"; Value = "100= 0.5$"; VariantName = "[No Variations]"
Add component (AddParameter): Name = "VALUE"; Value = "0K"; VariantName = "[No Variations]"
Added Pin To Net: NetName=GND Pin=BZ1-2
Added Pin To Net: NetName=+5 Pin=D1-2
Added Pin To Net: NetName=+5 Pin=D3-2
Added Pin To Net: NetName=+5 Pin=D4-2
Added Pin To Net: NetName=NetD1_1 Pin=J1-1
Added Pin To Net: NetName=GND Pin=J1-5
Add Pin To Net: Unknown Pin: Pin J4-1
Added Pin To Net: NetName=key2 Pin=J4-2
Added Pin To Net: NetName=key3 Pin=J4-3
Added Pin To Net: NetName=key4 Pin=J4-4
Added Pin To Net: NetName=NetD4_1 Pin=J6-1
Added Pin To Net: NetName=GND Pin=J6-5
Added Pin To Net: NetName=+5 Pin=Q1-1
Added Pin To Net: NetName=NetC4_2 Pin=Q3-2
Added Pin To Net: NetName=NetQ2_1 Pin=Q3-3
Added Pin To Net: NetName=key4 Pin=R1-1
Added Pin To Net: NetName=key3 Pin=R2-1
Added Pin To Net: NetName=key2 Pin=R3-1
Added Pin To Net: NetName=key1 Pin=R4-1
Added Pin To Net: NetName=led4 Pin=R5-2
Added Pin To Net: NetName=led3 Pin=R6-2
Added Pin To Net: NetName=led2 Pin=R7-2
Added Pin To Net: NetName=led1 Pin=R8-2
Added Pin To Net: NetName=+3.3 Pin=SW3-3
Added Pin To Net: NetName=key1 Pin=U2-4
Added Pin To Net: NetName=key2 Pin=U2-5
Added Pin To Net: NetName=key3 Pin=U2-6
Added Pin To Net: NetName=key4 Pin=U2-7
Added Pin To Net: NetName=buzzer Pin=U2-25
Added Pin To Net: NetName=led1 Pin=U2-28
Added Pin To Net: NetName=led2 Pin=U2-29
Added Pin To Net: NetName=led3 Pin=U2-30
Added Pin To Net: NetName=led4 Pin=U2-31
Add Pin To Net: Unknown Pin: Pin U2-39
Added Pin To Net: NetName=NetQ2_1 Pin=U3-13
Added Pin To Net: NetName=NetQ2_2 Pin=U3-14
Change Net Name : Old Net Name=+5 New Net Name=VCC
Change Net Name : Old Net Name=NetJ1_1 New Net Name=NetJ2_1
Change Net Name : Old Net Name=NetJ1_2 New Net Name=NetJ2_2
Change Net Name : Old Net Name=NetJ1_3 New Net Name=NetJ2_3
Change Net Name : Old Net Name=NetJ1_4 New Net Name=NetJ2_4
Added Pin To Net: NetName=NetBZ1_1 Pin=R13-1
Added Net: Name=NetBZ1_1
Added Pin To Net: NetName=NetJ1_2 Pin=J1-2
Added Pin To Net: NetName=NetJ1_2 Pin=U2-13
Added Net: Name=NetJ1_2
Added Pin To Net: NetName=NetJ1_3 Pin=J1-3
Added Pin To Net: NetName=NetJ1_3 Pin=U2-14
Added Net: Name=NetJ1_3
Added Pin To Net: NetName=NetJ6_2 Pin=J6-2
Added Pin To Net: NetName=NetJ6_2 Pin=U3-6
Added Net: Name=NetJ6_2
Added Pin To Net: NetName=NetJ6_3 Pin=J6-3
Added Pin To Net: NetName=NetJ6_3 Pin=U3-5
Added Net: Name=NetJ6_3
Added Pin To Net: NetName=NetQ1_3 Pin=Q1-3
Added Pin To Net: NetName=NetQ1_3 Pin=R13-2
Added Net: Name=NetQ1_3
Added Pin To Net: NetName=NetR18_1 Pin=R18-1
Added Pin To Net: NetName=NetR18_1 Pin=U2-36
Added Net: Name=NetR18_1
Added Pin To Net: NetName=NetR18_2 Pin=R18-2
Added Pin To Net: NetName=NetR18_2 Pin=U3-2
Added Net: Name=NetR18_2
Added Pin To Net: NetName=NetR19_1 Pin=R19-1
Added Pin To Net: NetName=NetR19_1 Pin=U2-37
Added Net: Name=NetR19_1
Added Pin To Net: NetName=NetR19_2 Pin=R19-2
Added Pin To Net: NetName=NetR19_2 Pin=U3-3
Added Net: Name=NetR19_2
Added Member To Class: ClassName=Sheet1 Member=Component J7 HDRF6
Added Member To Class: ClassName=Sheet1 Member=Component R18 0K
Added Member To Class: ClassName=Sheet1 Member=Component R19 0K
